<?xml version="1.0" encoding="UTF-8"?>
<!-- Generated by org.testng.reporters.JUnitReportReporter -->
<testsuite hostname="DESKTOP-MEGFML7" failures="0" tests="2" name="tests.LoginTest" time="0.356" errors="0" timestamp="2025-07-21T17:51:27 IST" skipped="0">
  <testcase classname="tests.LoginTest" name="loginPageNavigationTest" time="0.052"/>
  <testcase classname="tests.LoginTest" name="verifyLoginSuccessfull" time="0.304"/>
</testsuite> <!-- tests.LoginTest -->
