<?xml version="1.0" encoding="UTF-8"?>
<!-- Generated by org.testng.reporters.JUnitReportReporter -->
<testsuite hostname="DESKTOP-MEGFML7" failures="0" tests="1" name="tests.ProductTest" time="1.670" errors="0" timestamp="2025-07-21T17:34:13 IST" skipped="0">
  <testcase classname="tests.ProductTest" name="verifyProductAtHomePage" time="1.670"/>
</testsuite> <!-- tests.ProductTest -->
