<?xml version="1.0" encoding="UTF-8"?>
<!-- Generated by org.testng.reporters.JUnitReportReporter -->
<testsuite hostname="DESKTOP-MEGFML7" failures="0" tests="1" name="UITests.LoginTest" time="0.319" errors="0" timestamp="2025-07-21T20:13:47 IST" skipped="0">
  <testcase classname="UITests.LoginTest" name="verifyLoginSuccessfull" time="0.319"/>
</testsuite> <!-- UITests.LoginTest -->
